The system is: Windows - 10.0.14393 - AMD64
Compiling the C compiler identification source file "CMakeCCompilerId.c" succeeded.
Compiler:  
Build flags: 
Id flags:  

The output was:
0
Microsoft (R) Build Engine версии 15.9.21+g9802d43bc3 для .NET Framework
(C) Корпорация Майкрософт (Microsoft Corporation). Все права защищены.

Сборка начата 19.07.2022 20:39:41.
Проект "D:\Projects\PlayDateProjects\Arkanoid\build\CMakeFiles\3.24.0-rc2\CompilerIdC\CompilerIdC.vcxproj" в узле 1 (целевые объекты по умолчанию).
PrepareForBuild:
  Создание каталога "Debug\".
  Создание каталога "Debug\CompilerIdC.tlog\".
InitializeBuildStatus:
  Создание "Debug\CompilerIdC.tlog\unsuccessfulbuild", так как было задано "AlwaysCreate".
ClCompile:
  D:\VisualStudio\VC\Tools\MSVC\14.16.27023\bin\HostX86\x64\CL.exe /c /nologo /W0 /WX- /diagnostics:classic /Od /D _MBCS /Gm- /EHsc /RTC1 /MDd /GS /fp:precise /Zc:wchar_t /Zc:forScope /Zc:inline /Fo"Debug\\" /Fd"Debug\vc141.pdb" /Gd /TC /FC /errorReport:queue CMakeCCompilerId.c
  CMakeCCompilerId.c
Link:
  D:\VisualStudio\VC\Tools\MSVC\14.16.27023\bin\HostX86\x64\link.exe /ERRORREPORT:QUEUE /OUT:".\CompilerIdC.exe" /INCREMENTAL:NO /NOLOGO kernel32.lib user32.lib gdi32.lib winspool.lib comdlg32.lib advapi32.lib shell32.lib ole32.lib oleaut32.lib uuid.lib odbc32.lib odbccp32.lib /MANIFEST /MANIFESTUAC:"level='asInvoker' uiAccess='false'" /manifest:embed /PDB:".\CompilerIdC.pdb" /SUBSYSTEM:CONSOLE /TLBID:1 /DYNAMICBASE /NXCOMPAT /IMPLIB:".\CompilerIdC.lib" /MACHINE:X64 Debug\CMakeCCompilerId.obj
  CompilerIdC.vcxproj -> D:\Projects\PlayDateProjects\Arkanoid\build\CMakeFiles\3.24.0-rc2\CompilerIdC\.\CompilerIdC.exe
PostBuildEvent:
  for %%i in (cl.exe) do @echo CMAKE_C_COMPILER=%%~$PATH:i
  :VCEnd
  CMAKE_C_COMPILER=D:\VisualStudio\VC\Tools\MSVC\14.16.27023\bin\Hostx86\x64\cl.exe
FinalizeBuildStatus:
  Файл "Debug\CompilerIdC.tlog\unsuccessfulbuild" удаляется.
  Обращение к "Debug\CompilerIdC.tlog\CompilerIdC.lastbuildstate".
Сборка проекта "D:\Projects\PlayDateProjects\Arkanoid\build\CMakeFiles\3.24.0-rc2\CompilerIdC\CompilerIdC.vcxproj" завершена (целевые объекты по умолчанию).

Сборка успешно завершена.
    Предупреждений: 0
    Ошибок: 0

Прошло времени 00:00:02.51


Compilation of the C compiler identification source "CMakeCCompilerId.c" produced "CompilerIdC.exe"

Compilation of the C compiler identification source "CMakeCCompilerId.c" produced "CompilerIdC.vcxproj"

The C compiler identification is MSVC, found in "D:/Projects/PlayDateProjects/Arkanoid/build/CMakeFiles/3.24.0-rc2/CompilerIdC/CompilerIdC.exe"

Checking whether the ASM compiler is MSVC using "-?" matched "Microsoft":
Оптимизирующий компилятор Microsoft (R) C/C++ версии 19.16.27048 для x64
(C) Корпорация Майкрософт (Microsoft Corporation).  Все права защищены.

                         ПАРАМЕТРЫ КОМПИЛЯТОРА C/C++


                              -ОПТИМИЗАЦИЯ-

Максимальная оптимизация /O1 (приоритет места)
Максимальная оптимизация /O2 (приоритет скорости)
/Ob<n> подстановка кода (по умолчанию n=0)
/Od отключить оптимизации (по умолчанию)/Og включить глобальную оптимизацию
/Oi[-] включить подставляемые функции   /Os предпочтительное пространство кода
/Ot предпочтительная скорость кода      Оптимизация /Ox (приоритет скорости)
/favor:<blend|AMD64|INTEL64|ATOM> - выбрать процессор, для которого оптимизировать; один из вариантов:
    blend - сочетание оптимизаций для нескольких разных процессоров x64
    AMD64 - 64-разрядные процессоры AMD                                 
    INTEL64 - процессоры с архитектурой Intel(R)64                  
    ATOM - процессоры Intel(R) Atom(TM)                           

                             -ФОРМИРОВАНИЕ КОДА-

/Gu[-] гарантирует, что у разных функций будут разные адреса
/Gw[-] разделять глобальные переменные для компоновщика
/GF включить объединение строк только для чтения
/Gm[-] включить режим минимизации при построении
/Gy[-] разделять функции для компоновщика
/GS[-] включить проверку системы безопасности
/GR[-] включить C++ RTTI                
/GX[-] включить C++ EH (то же, что и /EHsc)
/guard:cf[-] включает CFG (защита потока управления)
/EHs включить C++ EH (без исключений SEH)
/EHa включить C++ EH (с исключениями SEH)
/EHc внешний C получает значение по умолчанию nothrow
/EHr всегда создавать проверки завершения времени выполнения noexcept
/fp:<except[-]|fast|precise|strict> выбор модели с плавающей запятой:
    except[-] - возможность использования исключений с плавающей запятой при создании кода
    fast - "быстрая" (fast) модель с плавающей запятой; результаты менее предсказуемы
    precise - "точная" (precise) модель с плавающей запятой; результаты предсказуемы
    strict - "строгая" (strict) модель с плавающей запятой (выражает /fp:except)
/Qfast_transcendentals создание встроенных макроопределений FP даже с /fp:except
/ Qspectre[-] - включить исправления CVE 2017-5753
/Qpar[-] - включение параллельного создания кода
/Qpar-report:1 - диагностика автоматического параллелизатора; указание параллелизованных циклов
/Qpar-report:2 - диагностика автоматического параллелизатора; указание непараллелизованных циклов
/Qvec-report:1 - диагностика автоматического векторизатора; указание векторизированных циклов
/Qvec-report:2 - диагностика автоматического векторизатора; указание невекторизованных циклов
/GL[-] - включение создания кода во время компоновки
/volatile:<iso|ms> - выбор непостоянной модели:
    iso - семантика получения и освобождения не гарантируется при непостоянном обращении
    ms - семантика получения и освобождения гарантируется при непостоянном обращении
/GA оптимизировать для приложения Windows
/Ge проверять стек для всех функций     
/Gs[число] контролировать вызовы проверки стека
/Gh включить вызов функции _penter      /GH включить вызов функции _pexit
/GT создать безопасные относительно волокон доступы к локальному хранилищу потока (TLS)
/RTC1 включить быструю проверку (/RTCsu)
/RTCc преобразовать к сокращенной проверке типов
/RTCs проверка кадров стека во время выполнения
/RTCu неинициализированная проверка локального использования
/clr[:параметр] компилировать для общеязыковой среды выполнения; здесь параметр - это:
    pure - создать выходной файл только IL (без исполняемого машинного кода)
    safe - создать проверяемый выходной файл только IL
    initialAppDomain - включить начальное поведение AppDomain из Visual C++ 2002
    noAssembly - не создавать сборку    
    nostdlib - игнорировать каталог по умолчанию\clr
/homeparams обеспечить запись параметров, передаваемых в регистрах, в стек
/GZ включить проверку стека (/RTCs)     
/arch:AVX включить использование инструкций, доступных для процессоров, поддерживающих AVX
/arch:AVX2 включить использование инструкций, доступных для процессоров, поддерживающих AVX2
/Gv использовать соглашение о вызовах __vectorcall
/Qspectre-load Включить устранение рисков Spectre для всех инструкций, которые загружают память
/Qspectre-load-cf Включить устранение рисков Spectre для всех инструкций управления потоком, которые загружают память

                              -ВЫХОДНЫЕ ФАЙЛЫ-

/Fa[файл] - задать имя файла листинга сборки
/FA[scu] настроить список сборок        /Fd[file] задать имя PDB-файла
/Fe<file> задать имя исполняемого файла /Fm[file] задать имя файла соответствий
/Fo<file> задать имя объектного файла   
/Fp<file> задать имя файла предкомпилированного заголовка
/Fr[file] задать имя исходного файла браузера
/FR[file] задать имя расширенного SBR-файла
/Fi[файл] имя файла препроцессора       /Fd: <файл> задание имени PDB-файла
/Fe: <файл> задание имени исполняемого файла
/Fm: <файл> задание имени файла сопоставления
/Fo: <файл> задание имени объектного файла
/Fp: <файл> задание имени PCH-файла     
/FR: <файл> задание имени расширенного SBR-файла
/Fi: <файл> задание имени файла препроцессора
/doc[файл] обработать комментарии к XML-документации и дать имя (необязательно) XDC-файлу

                              -ПРЕПРОЦЕССОР-

/AI<dir> добавить к пути поиска сборок  
/FU<file> обязательное использование сборки или модуля 
/C не удалять комментарии               
/D<name>{=|#}<text> задать макроопределение
/E вывод сообщений в stdout             /EP вывод сообщений в stdout, без #line
/P вывод сообщений в файл               /Fx добавить внесенный код в файл
/FI<файл> задать имя обязательно включаемого файла
/U<name> удалить встроенное макроопределение
/u удалить все встроенные макроопределения
/I<dir> добавить в путь поиска включаемых файлов
/X пропустить "standard places"         
/PH создает #pragma file_hash во время предварительной обработки

                                -ЯЗЫК-

/std:<c++14|c++17|c++latest> стандартная версия C++
    c++14 - ISO/IEC 14882:2014 (по умолчанию)
    c++17 - ISO/IEC 14882:2017
    c++latest - последний черновик стандарта (набор возможностей может быть изменен)
/permissive[-] включить компиляцию определенного несоответствующего кода (набор возможностей может быть изменен) (включено по умолчанию)
/Ze включить расширения (по умолчанию)  /Za отключить расширения
/ZW включение языковых расширений WinRT /Zs только проверка синтаксиса
/Zc:arg1[,arg2] соответствие языку C++, где аргументы могут быть:
  forScope[-]           применять стандарт C++ для правил определения областей
  wchar_t[-]            wchar_t - встроенный тип, а не typedef
  auto[-]               использовать новый смысл стандартного C++ для auto
  trigraphs[-]          включить триграфы (отключено по умолчанию)
  rvalueCast[-]         применять правила явного преобразования типов из стандарта C++
  strictStrings[-]      отключение преобразования строкового литерала
                        в [char|wchar_t]* (отключено по умолчанию)
  implicitNoexcept[-]   включить неявный noexcept для требуемых функций
  threadSafeInit[-]     включить потокобезопасную локальную статическую инициализацию
  inline[-]             remove unreferenced function or data if it is
                        COMDAT or has internal linkage only (off by default)
  sizedDealloc[-]       enable C++14 global sized deallocation
                        functions (on by default)
  throwingNew[-]        предполагать исключение оператора new при сбое (отключено по умолчанию)
  referenceBinding[-]   временное значение не будет привязываться к неконстантной
                        ссылке lvalue (отключено по умолчанию)
  twoPhase-             отключить двухэтапный поиск имен
  ternary[-]            применять правила из C++11 для условного оператора (отключено по умолчанию)
  noexceptTypes[-]      применять правила noexcept C++17 (включено по умолчанию в C++17 и более поздних версиях)
  alignedNew[-]         включить выравнивание C++17 для динамически выделяемых объектов (по умолчанию включено)
/await включает расширение возобновляемых функций
/constexpr:depth<N>     предельная глубина рекурсии при вычислении constexpr (по умолчанию 512)
/constexpr:backtrace<N> выводить N вычислений constexpr в диагностике (по умолчанию 10)
/constexpr:steps<N>     завершать вычисление constexpr через N шагов (по умолчанию 100000)
/Zi включить отладочную информацию      
/Z7 включить отладочную информацию старого типа
/Zo[-] расширить отладочную информацию для оптимизированного кода (включено по умолчанию)
/ZH:SHA_256             использовать SHA256 для контрольной суммы файла в отладочной информации (экспериментальная функция)
/Zp[n] паковать структуры по n-байтной границе
/Zl опускать имя библиотеки по умолчанию в OBJ-файле
/vd{0|1|2} отключить или включить vtordisp
/vm<x> тип указателей на члены          
/ZI включить отладочные данные в режиме "Изменить и продолжить"
/openmp включить языковые расширения OpenMP 2.0

                              -ПРОЧЕЕ-

@<файл> параметры файла ответов         
/?, /help вывести это справочное сообщение
/bigobj создать расширенный формат объекта
/c только компилировать, без компоновки 
/errorReport:параметр сообщать о внутренних ошибках компилятора в корпорацию Майкрософт
    none - не отправлять отчет          
    prompt - предложить немедленную отправку отчета
    queue - при следующем входе в систему в качестве администратора предложить отправку отчета (параметр по умолчанию)
    send - автоматически отправлять отчет
/FC использовать полные пути в диагностических сообщениях
/H<num> максимальная длина внешнего имени
/J использовать по умолчанию unsigned для типа char
/MP[n] использовать до n процессов для компиляции
/nologo не выводить уведомление об авторских правах
/showIncludes показать имена включаемых файлов
/Tc<исходный_файл> компилировать файл как .c
/Tp<исходный_файл> компилировать файл как .cpp
/TC компилировать все файлы как .c      /TP компилировать все файлы как .cpp
/V<строка> задать строку с номером версии
/Yc[файл] создать PCH-файл              
/Yd выводить отладочные данные в каждый OBJ-файл
/Yl[символ] ввести ссылку PCH-файла для отладочной библиотеки
/Yu[файл] использовать PCH-файл         /Y- отключить все параметры PCH
/Zm<n> задать максимальное выделение памяти (% от значения по умолчанию)
/FS принудительно использовать MSPDBSRV.EXE
/source-charset:<iana-name>|.nnnn: задание исходной кодировки
/execution-charset:<iana-name>|.nnnn задание кодировки выполнения
/utf-8 задание UTF-8 в качестве исходной кодировки и кодировки выполнения
/validate-charset[-] проверка файлов UTF-8 на наличие только допустимых знаков

                                -КОМПОНОВКА-

/LD создать библиотеку .DLL             
/LDd создать отладочную библиотеку (.DLL)
/LN создать .netmodule                  /F<число> задать размер стека
/link [параметры компоновщика и библиотеки]
/MD компоновать с MSVCRT.LIB            /MT компоновать с LIBCMT.LIB
/MDd компоновать с отладочной библиотекой MSVCRTD.LIB
/MTd компоновать с отладочной библиотекой LIBCMTD.LIB

                              -АНАЛИЗ КОДА-

/analyze[-] Включить анализ машинного кода
/analyze:quiet[-] Не выводить предупреждения на консоль
/analyze:log<имя> Вывод предупреждений в файл
/analyze:autolog Запись журнала в *.pftlog
/analyze:autolog:ext<расширение> Запись журнала в *.<расширение>
/analyze:autolog- Не записывать файл журнала
/analyze:WX- Предупреждения не являются критическими
/analyze:stacksize<число> Максимальный размер кадра стека
/analyze:max_paths<число> Максимальное число путей
/analyze: только анализ, без создания кода

                              -ДИАГНОСТИКА-

/diagnostics:<аргументы,...> определяет формат диагностических сообщений.
             classic   - сохранение предыдущего формата
             column[-] - печать данных о столбце
             caret[-]  - печать столбца и указанной исходной строки
/Wall включить все предупреждения       /w   отключить все предупреждения
/W<n> установить уровень предупреждений (по умолчанию n=1)
/Wv:xx[.yy[.zzzzz]] отключить предупреждения, появившиеся после версии xx.yy.zzzzz
/WX обрабатывать предупреждения как ошибки
/WL включить однострочные диагностические сообщения
/wd<n> отключить предупреждение уровня n
/we<n> обрабатывать предупреждение уровня n как ошибку
/wo<n> выдавать предупреждение уровня n один раз
/w<l><n> установить для n уровень предупреждений 1-4
/external:I <path>      - расположение внешних заголовков
/external:env:<var>     - переменная среды с расположениями внешних заголовков
/external:anglebrackets - считать все заголовки, включенные через <>, внешними
/external:W<n>          - уровень предупреждения для внешних заголовков
/external:templates[-]  - оценка уровня предупреждения в цепочке инстанцирования шаблонов
/sdl - включить дополнительные уведомления и функции безопасности

Detecting C compiler ABI info compiled with the following output:
Change Dir: D:/Projects/PlayDateProjects/Arkanoid/build/CMakeFiles/CMakeTmp

Run Build Command(s):D:/VisualStudio/MSBuild/15.0/Bin/MSBuild.exe cmTC_cf759.vcxproj /p:Configuration=Debug /p:Platform=x64 /p:VisualStudioVersion=15.0 /v:m && Microsoft (R) Build Engine версии 15.9.21+g9802d43bc3 для .NET Framework
(C) Корпорация Майкрософт (Microsoft Corporation). Все права защищены.

  Оптимизирующий компилятор Microsoft (R) C/C++ версии 19.16.27048 для x64
  (C) Корпорация Майкрософт (Microsoft Corporation).  Все права защищены.
  
  cl /c /Zi /W3 /WX- /diagnostics:classic /Od /Ob0 /D _MBCS /D WIN32 /D _WINDOWS /D "CMAKE_INTDIR=\"Debug\"" /Gm- /RTC1 /MDd /GS /fp:precise /Zc:wchar_t /Zc:forScope /Zc:inline /Fo"cmTC_cf759.dir\Debug\\" /Fd"cmTC_cf759.dir\Debug\vc141.pdb" /Gd /TC /errorReport:queue "C:\Program Files\CMake\share\cmake-3.24\Modules\CMakeCCompilerABI.c"
  CMakeCCompilerABI.c
  
  cmTC_cf759.vcxproj -> D:\Projects\PlayDateProjects\Arkanoid\build\CMakeFiles\CMakeTmp\Debug\cmTC_cf759.exe



